c:\c언어\day3_1\day3_1\x64\debug\math.h.ifc
c:\c언어\day3_1\day3_1\x64\debug\math.h.ifc.d.json
c:\c언어\day3_1\day3_1\x64\debug\math.h.obj
c:\c언어\day3_1\day3_1\x64\debug\vc145.pdb
c:\c언어\day3_1\day3_1\x64\debug\vc145.idb
c:\c언어\day3_1\day3_1\x64\debug\test_day3.obj
c:\c언어\day3_1\day3_1\x64\debug\day3_5장.obj
c:\c언어\day3_1\day3_1\x64\debug\day3_4장.obj
c:\c언어\day3_1\day3_1\x64\debug\day3_study.obj
c:\c언어\day3_1\x64\debug\day3_1.exe
c:\c언어\day3_1\x64\debug\day3_1.pdb
c:\c언어\day3_1\day3_1\x64\debug\math.h.module.json
c:\c언어\day3_1\day3_1\x64\debug\day3_1.ilk
c:\c언어\day3_1\day3_1\x64\debug\day3.obj
c:\c언어\day3_1\day3_1\x64\debug\day3_1.tlog\cl.command.1.tlog
c:\c언어\day3_1\day3_1\x64\debug\day3_1.tlog\cl.items.tlog
c:\c언어\day3_1\day3_1\x64\debug\day3_1.tlog\cl.read.1.tlog
c:\c언어\day3_1\day3_1\x64\debug\day3_1.tlog\cl.write.1.tlog
c:\c언어\day3_1\day3_1\x64\debug\day3_1.tlog\link.command.1.tlog
c:\c언어\day3_1\day3_1\x64\debug\day3_1.tlog\link.read.1.tlog
c:\c언어\day3_1\day3_1\x64\debug\day3_1.tlog\link.secondary.1.tlog
c:\c언어\day3_1\day3_1\x64\debug\day3_1.tlog\link.write.1.tlog
c:\c언어\day3_1\day3_1\x64\debug\day3_1_md.tlog\cl.command.1.tlog
c:\c언어\day3_1\day3_1\x64\debug\day3_1_md.tlog\microsoft.build.cpptasks.cl.read.1.tlog
c:\c언어\day3_1\day3_1\x64\debug\day3_1_md.tlog\microsoft.build.cpptasks.cl.write.1.tlog
